+--------------------+---------------------------------------------------------+
| Parameter          | Value                                                   |
+--------------------+---------------------------------------------------------+
| data_dir           | /home/yjy/heteroPrompt/ggfm/ggfm/datasets/              |
+--------------------+---------------------------------------------------------+
| use_pretrain       | True                                                    |
+--------------------+---------------------------------------------------------+
| pretrain_model_dir | /home/yjy/heteroPrompt/ggfm/ggfm/pretrained_model/walkl |
|                    | m/xyz                                                   |
+--------------------+---------------------------------------------------------+
| model_dir          | /home/yjy/heteroPrompt/ggfm/ggfm/fine_tuned_model       |
+--------------------+---------------------------------------------------------+
| task_name          | walklm_lp                                               |
+--------------------+---------------------------------------------------------+
| cuda               | 2                                                       |
+--------------------+---------------------------------------------------------+
| clip               | 0.500                                                   |
+--------------------+---------------------------------------------------------+
| n_epoch            | 5                                                       |
+--------------------+---------------------------------------------------------+
| target_type        | paper                                                   |
+--------------------+---------------------------------------------------------+
| batch_size         | 64                                                      |
+--------------------+---------------------------------------------------------+
2025-01-08 09:48:57.542664: I tensorflow/core/util/port.cc:110] oneDNN custom operations are on. You may see slightly different numerical results due to floating-point round-off errors from different computation orders. To turn them off, set the environment variable `TF_ENABLE_ONEDNN_OPTS=0`.
2025-01-08 09:48:57.545063: I tensorflow/tsl/cuda/cudart_stub.cc:28] Could not find cuda drivers on your machine, GPU will not be used.
2025-01-08 09:48:57.608373: I tensorflow/core/platform/cpu_feature_guard.cc:182] This TensorFlow binary is optimized to use available CPU instructions in performance-critical operations.
To enable the following instructions: AVX2 AVX512F AVX512_VNNI FMA, in other operations, rebuild TensorFlow with the appropriate compiler flags.
2025-01-08 09:49:02.197206: W tensorflow/compiler/tf2tensorrt/utils/py_utils.cc:38] TF-TRT Warning: Could not find TensorRT
Some weights of RobertaModel were not initialized from the model checkpoint at /home/yjy/heteroPrompt/ggfm/ggfm/pretrained_model/walklm/xyz and are newly initialized: ['roberta.pooler.dense.bias', 'roberta.pooler.dense.weight']
You should probably TRAIN this model on a down-stream task to be able to use it for predictions and inference.
This is epoch 1...
Training begin...
Evaluating begin...
Epoch: 1  LR: 0.00023 Train Loss: 5.38  Valid Loss: 4.85  Valid NDCG: 0.4182
This is epoch 2...
Training begin...
Evaluating begin...
Epoch: 2  LR: 0.00000 Train Loss: 4.52  Valid Loss: 4.43  Valid NDCG: 0.4636
This is epoch 3...
Training begin...
Evaluating begin...
Epoch: 3  LR: 0.00032 Train Loss: 4.16  Valid Loss: 4.25  Valid NDCG: 0.4812
This is epoch 4...
Training begin...
Evaluating begin...
Epoch: 4  LR: 0.00048 Train Loss: 3.94  Valid Loss: 4.16  Valid NDCG: 0.4902
This is epoch 5...
Training begin...
Evaluating begin...
Epoch: 5  LR: 0.00014 Train Loss: 3.81  Valid Loss: 4.09  Valid NDCG: 0.4971
Testing begin...
Best Test NDCG: 0.4813
Best Test MRR:  0.5874
