+------------------------+---------------------------------------------------+
| Parameter              | Value                                             |
+------------------------+---------------------------------------------------+
| data_dir               | /home/yjy/heteroPrompt/ggfm/ggfm/datasets/        |
+------------------------+---------------------------------------------------+
| pretrain_model_dir     | /home/yjy/heteroPrompt/distilroberta-base         |
+------------------------+---------------------------------------------------+
| model_dir              | /home/yjy/heteroPrompt/ggfm/ggfm/fine_tuned_model |
+------------------------+---------------------------------------------------+
| task_name              | lmch_lp                                           |
+------------------------+---------------------------------------------------+
| cuda                   | 0                                                 |
+------------------------+---------------------------------------------------+
| seed                   | 1                                                 |
+------------------------+---------------------------------------------------+
| batch_size             | 32                                                |
+------------------------+---------------------------------------------------+
| max_length             | 512                                               |
+------------------------+---------------------------------------------------+
| label_smoothing_factor | 0                                                 |
+------------------------+---------------------------------------------------+
| warmup                 | 0.600                                             |
+------------------------+---------------------------------------------------+
| pretrain_epochs        | 3                                                 |
+------------------------+---------------------------------------------------+
| grad_accumulation      | 1                                                 |
+------------------------+---------------------------------------------------+
| lr                     | 0.000                                             |
+------------------------+---------------------------------------------------+
| weight_decay           | 0.010                                             |
+------------------------+---------------------------------------------------+
| n_epoch                | 5                                                 |
+------------------------+---------------------------------------------------+
| clip                   | 0.500                                             |
+------------------------+---------------------------------------------------+
| eval_patience          | 20                                                |
+------------------------+---------------------------------------------------+
